<?xml version="1.0" encoding="UTF-8"?>
<!-- Generated by org.testng.reporters.JUnitXMLReporter -->
<testsuite hostname="Harsha-PC" ignored="0" name="Testng excel" tests="4" failures="0" timestamp="2020-04-02T15:37:14 PDT" time="20.906" errors="0">
  <testcase name="main" time="3.878" classname="testng.Dataprovider"/>
  <testcase name="main" time="5.826" classname="testng.Dataprovider"/>
  <testcase name="main" time="3.177" classname="testng.Dataprovider"/>
  <testcase name="main" time="7.681" classname="testng.Dataprovider"/>
</testsuite> <!-- Testng excel -->
