<?xml version="1.0" encoding="UTF-8"?>
<!-- Generated by org.testng.reporters.JUnitXMLReporter -->
<testsuite hostname="Harsha-PC" ignored="0" name="Default test" tests="4" failures="0" timestamp="2020-04-02T15:27:40 PDT" time="20.339" errors="0">
  <testcase name="main" time="3.533" classname="testng.Dataprovider"/>
  <testcase name="main" time="4.444" classname="testng.Dataprovider"/>
  <testcase name="main" time="3.775" classname="testng.Dataprovider"/>
  <testcase name="main" time="8.225" classname="testng.Dataprovider"/>
</testsuite> <!-- Default test -->
