<?xml version="1.0" encoding="UTF-8"?>
<!-- Generated by org.testng.reporters.JUnitXMLReporter -->
<testsuite hostname="Harsha-PC" ignored="0" name="Login Test Case" tests="4" failures="0" timestamp="2020-04-01T13:30:28 PDT" time="113.406" errors="0">
  <testcase name="main" time="17.645" classname="testng.Invalidusername"/>
  <testcase name="main" time="21.925" classname="testng.Invalidpwd"/>
  <testcase name="main" time="41.246" classname="testng.BothInvalid"/>
  <testcase name="main" time="32.48" classname="testng.BothValid"/>
</testsuite> <!-- Login Test Case -->
