<?xml version="1.0" encoding="UTF-8"?>
<testng-results skipped="0" failed="0" ignored="0" total="4" passed="4">
  <reporter-output>
  </reporter-output>
  <suite name="Orangehrm Test Suite" duration-ms="20906" started-at="2020-04-02T15:36:53 PDT" finished-at="2020-04-02T15:37:14 PDT">
    <groups>
    </groups>
    <test name="Testng excel" duration-ms="20906" started-at="2020-04-02T15:36:53 PDT" finished-at="2020-04-02T15:37:14 PDT">
      <class name="testng.Dataprovider">
        <test-method status="PASS" signature="launchBrowser()[pri:0, instance:testng.Dataprovider@109bb57]" name="launchBrowser" is-config="true" duration-ms="11834" started-at="2020-04-02T15:36:41 PDT" finished-at="2020-04-02T15:36:53 PDT">
          <reporter-output>
          </reporter-output>
        </test-method> <!-- launchBrowser -->
        <test-method status="PASS" signature="main(java.lang.String, java.lang.String)[pri:0, instance:testng.Dataprovider@109bb57]" name="main" duration-ms="3878" started-at="2020-04-02T15:36:54 PDT" data-provider="loginData" finished-at="2020-04-02T15:36:57 PDT">
          <params>
            <param index="0">
              <value>
                <![CDATA[admin1]]>
              </value>
            </param>
            <param index="1">
              <value>
                <![CDATA[admin123]]>
              </value>
            </param>
          </params>
          <reporter-output>
          </reporter-output>
        </test-method> <!-- main -->
        <test-method status="PASS" signature="main(java.lang.String, java.lang.String)[pri:0, instance:testng.Dataprovider@109bb57]" name="main" duration-ms="5826" started-at="2020-04-02T15:36:57 PDT" data-provider="loginData" finished-at="2020-04-02T15:37:03 PDT">
          <params>
            <param index="0">
              <value>
                <![CDATA[Admin]]>
              </value>
            </param>
            <param index="1">
              <value>
                <![CDATA[admin12]]>
              </value>
            </param>
          </params>
          <reporter-output>
          </reporter-output>
        </test-method> <!-- main -->
        <test-method status="PASS" signature="main(java.lang.String, java.lang.String)[pri:0, instance:testng.Dataprovider@109bb57]" name="main" duration-ms="3177" started-at="2020-04-02T15:37:03 PDT" data-provider="loginData" finished-at="2020-04-02T15:37:06 PDT">
          <params>
            <param index="0">
              <value>
                <![CDATA[admin1]]>
              </value>
            </param>
            <param index="1">
              <value>
                <![CDATA[gjk]]>
              </value>
            </param>
          </params>
          <reporter-output>
          </reporter-output>
        </test-method> <!-- main -->
        <test-method status="PASS" signature="main(java.lang.String, java.lang.String)[pri:0, instance:testng.Dataprovider@109bb57]" name="main" duration-ms="7681" started-at="2020-04-02T15:37:06 PDT" data-provider="loginData" finished-at="2020-04-02T15:37:14 PDT">
          <params>
            <param index="0">
              <value>
                <![CDATA[Admin]]>
              </value>
            </param>
            <param index="1">
              <value>
                <![CDATA[admin123]]>
              </value>
            </param>
          </params>
          <reporter-output>
          </reporter-output>
        </test-method> <!-- main -->
        <test-method status="PASS" signature="closeBrowser()[pri:0, instance:testng.Dataprovider@109bb57]" name="closeBrowser" is-config="true" duration-ms="1100" started-at="2020-04-02T15:37:14 PDT" finished-at="2020-04-02T15:37:15 PDT">
          <reporter-output>
          </reporter-output>
        </test-method> <!-- closeBrowser -->
      </class> <!-- testng.Dataprovider -->
    </test> <!-- Testng excel -->
  </suite> <!-- Orangehrm Test Suite -->
</testng-results>
